{
  "stats": {
    "suites": 1,
    "tests": 1,
    "passes": 0,
    "pending": 0,
    "failures": 1,
    "start": "2023-03-21T07:29:36.753Z",
    "end": "2023-03-21T07:29:51.775Z",
    "duration": 15022,
    "testsRegistered": 1,
    "passPercent": 0,
    "pendingPercent": 0,
    "other": 0,
    "hasOther": false,
    "skipped": 0,
    "hasSkipped": false
  },
  "results": [
    {
      "uuid": "ccf60c31-2fc4-435c-930b-9ee866d451a4",
      "title": "",
      "fullFile": "cypress\\integration\\examples\\ecommerce.js",
      "file": "cypress\\integration\\examples\\ecommerce.js",
      "beforeHooks": [],
      "afterHooks": [],
      "tests": [],
      "suites": [
        {
          "uuid": "f5fab49c-3136-4992-bc04-66a0cd082d8b",
          "title": "Purchasing Electronic Device",
          "fullFile": "",
          "file": "",
          "beforeHooks": [],
          "afterHooks": [],
          "tests": [
            {
              "title": "Visiting the website",
              "fullTitle": "Purchasing Electronic Device Visiting the website",
              "timedOut": null,
              "duration": 14909,
              "state": "failed",
              "speed": null,
              "pass": false,
              "fail": true,
              "pending": false,
              "context": null,
              "code": "Cypress.config('defaultCommandTimeout', 80000);\nconst homePage = new _HomePage.default();\nconst productPage = new _ProductPage.default();\ncy.visit(Cypress.config().baseUrl); //cy.visit(this.data.url)\nhomePage.getEditbox().type(this.data.name);\nhomePage.getGender().select(this.data.gender);\nhomePage.getTwoWayDataBinding().should('have.value', this.data.name);\nhomePage.getEditbox().should('have.attr', 'minlength', '2');\nhomePage.getEntrepreneur().should('be.disabled');\nhomePage.getShopTab().click();\nthis.data.productName.forEach(function (element) {\n  cy.selectProduct(element);\n});\nproductPage.getCheckOutButton().click();\nvar sum = 0;\ncy.get('tr td:nth-child(4) strong').each(($el, index, $list) => {\n  const amount = $el.text();\n  var res = amount.split(\" \");\n  res = res[1].trim();\n  sum = Number(sum) + Number(res);\n}).then(function () {\n  cy.log(sum);\n});\ncy.contains('Checkout').click();\ncy.get(\"#country\").type('India');\ncy.wait(5000);\ncy.get('.suggestions > ul > li > a').click();\ncy.get('#checkbox2').click({\n  force: true\n});\ncy.get('input[type=\"submit\"]').click();\ncy.get('.alert').should('have.text', 'Success! Thank you! Your order will be delivered in next few weeks :-).');\ncy.get('.alert').then(function (element) {\n  const actualText = element.text();\n  var res = expect(actualText.includes(\"Success\")).to.be.true;\n});",
              "err": {
                "message": "AssertionError: Timed out retrying after 4000ms: expected '<div.alert.alert-success.alert-dismissible>' to have text 'Success! Thank you! Your order will be delivered in next few weeks :-).', but the text was '\\n          ×\\n          Success! Thank you! Your order will be delivered in next few weeks :-).\\n        '",
                "estack": "AssertionError: Timed out retrying after 4000ms: expected '<div.alert.alert-success.alert-dismissible>' to have text 'Success! Thank you! Your order will be delivered in next few weeks :-).', but the text was '\\n          ×\\n          Success! Thank you! Your order will be delivered in next few weeks :-).\\n        '\n    at Context.eval (webpack:///./cypress/integration/examples/ecommerce.js:59:23)",
                "diff": "- '\\n          ×\\n          Success! Thank you! Your order will be delivered in next few weeks :-).\\n        '\n+ 'Success! Thank you! Your order will be delivered in next few weeks :-).'\n"
              },
              "uuid": "c18d95cd-3967-4f58-8b0e-d9205b3971d7",
              "parentUUID": "f5fab49c-3136-4992-bc04-66a0cd082d8b",
              "isHook": false,
              "skipped": false
            }
          ],
          "suites": [],
          "passes": [],
          "failures": [
            "c18d95cd-3967-4f58-8b0e-d9205b3971d7"
          ],
          "pending": [],
          "skipped": [],
          "duration": 14909,
          "root": false,
          "rootEmpty": false,
          "_timeout": 2000
        }
      ],
      "passes": [],
      "failures": [],
      "pending": [],
      "skipped": [],
      "duration": 0,
      "root": true,
      "rootEmpty": true,
      "_timeout": 2000
    }
  ],
  "meta": {
    "mocha": {
      "version": "7.0.1"
    },
    "mochawesome": {
      "options": {
        "quiet": false,
        "reportFilename": "mochawesome",
        "saveHtml": true,
        "saveJson": true,
        "consoleReporter": "spec",
        "useInlineDiffs": false,
        "code": true
      },
      "version": "7.1.3"
    },
    "marge": {
      "options": null,
      "version": "6.2.0"
    }
  }
}